#
# There is insufficient memory for the Java Runtime Environment to continue.
# Native memory allocation (malloc) failed to allocate 32784 bytes for Chunk::new
# Possible reasons:
#   The system is out of physical RAM or swap space
#   The process is running with CompressedOops enabled, and the Java Heap may be blocking the growth of the native heap
# Possible solutions:
#   Reduce memory load on the system
#   Increase physical memory or swap space
#   Check if swap backing store is full
#   Decrease Java heap size (-Xmx/-Xms)
#   Decrease number of Java threads
#   Decrease Java thread stack sizes (-Xss)
#   Set larger code cache with -XX:ReservedCodeCacheSize=
#   JVM is running with Unscaled Compressed Oops mode in which the Java heap is
#     placed in the first 4GB address space. The Java Heap base address is the
#     maximum limit for the native heap growth. Please use -XX:HeapBaseMinAddress
#     to set the Java Heap base and to place the Java Heap above 4GB virtual address.
# This output file may be truncated or incomplete.
#
#  Out of Memory Error (allocation.cpp:389), pid=7028, tid=0x0000000000005fbc
#
# JRE version: OpenJDK Runtime Environment (8.0_242-b01) (build 1.8.0_242-release-1644-b01)
# Java VM: OpenJDK 64-Bit Server VM (25.242-b01 mixed mode windows-amd64 compressed oops)
# Failed to write core dump. Minidumps are not enabled by default on client versions of Windows
#

---------------  T H R E A D  ---------------

Current thread (0x0000000017fcb800):  JavaThread "C2 CompilerThread0" daemon [_thread_in_native, id=24508, stack(0x0000000019630000,0x0000000019730000)]

Stack: [0x0000000019630000,0x0000000019730000]
[error occurred during error reporting (printing stack bounds), id 0xc0000005]

Native frames: (J=compiled Java code, j=interpreted, Vv=VM code, C=native code)


Current CompileTask:
C2:6962466 34595       4       org.gradle.api.internal.artifacts.ivyservice.resolveengine.graph.builder.NodeState::visitOutgoingDependencies (264 bytes)


---------------  P R O C E S S  ---------------

Java Threads: ( => current thread )
  0x000000001b107800 JavaThread "Cache worker for execution history cache (E:\NewsApp\.gradle\6.5\executionHistory)" [_thread_blocked, id=16676, stack(0x000000003f2b0000,0x000000003f3b0000)]
  0x000000001b0fd800 JavaThread "Execution worker for ':' Thread 3" [_thread_blocked, id=24156, stack(0x000000003f1b0000,0x000000003f2b0000)]
  0x000000001b104800 JavaThread "Execution worker for ':' Thread 2" [_thread_blocked, id=17528, stack(0x000000003f0b0000,0x000000003f1b0000)]
  0x000000001b103800 JavaThread "Execution worker for ':'" [_thread_blocked, id=7840, stack(0x000000003efb0000,0x000000003f0b0000)]
  0x000000001b102000 JavaThread "Cache worker for file content cache (E:\NewsApp\.gradle\6.5\fileContent)" [_thread_blocked, id=22856, stack(0x000000003eeb0000,0x000000003efb0000)]
  0x000000001b0fa800 JavaThread "Cache worker for Build Output Cleanup Cache (E:\NewsApp\.gradle\buildOutputCleanup)" [_thread_blocked, id=18200, stack(0x000000003edb0000,0x000000003eeb0000)]
  0x000000001b0fc000 JavaThread "jar transforms Thread 846" [_thread_blocked, id=15528, stack(0x000000003ecb0000,0x000000003edb0000)]
  0x000000001b101800 JavaThread "jar transforms Thread 845" [_thread_blocked, id=21260, stack(0x000000003ebb0000,0x000000003ecb0000)]
  0x000000001b100800 JavaThread "jar transforms Thread 844" [_thread_blocked, id=9224, stack(0x000000003eab0000,0x000000003ebb0000)]
  0x000000001b0fd000 JavaThread "jar transforms Thread 843" [_thread_blocked, id=22416, stack(0x000000003e9b0000,0x000000003eab0000)]
  0x000000001b0fb800 JavaThread "jar transforms Thread 842" [_thread_blocked, id=24516, stack(0x000000003e8b0000,0x000000003e9b0000)]
  0x000000001b0fa000 JavaThread "jar transforms Thread 841" [_thread_blocked, id=20076, stack(0x000000003e7b0000,0x000000003e8b0000)]
  0x000000001b0f9000 JavaThread "jar transforms Thread 840" [_thread_blocked, id=23248, stack(0x000000003e6b0000,0x000000003e7b0000)]
  0x00000000234b8000 JavaThread "jar transforms Thread 839" [_thread_blocked, id=764, stack(0x000000003e5b0000,0x000000003e6b0000)]
  0x00000000234b7000 JavaThread "jar transforms Thread 838" [_thread_blocked, id=19436, stack(0x000000003e4b0000,0x000000003e5b0000)]
  0x00000000234b5800 JavaThread "jar transforms Thread 837" [_thread_blocked, id=7712, stack(0x000000003e3b0000,0x000000003e4b0000)]
  0x00000000234b5000 JavaThread "jar transforms Thread 836" [_thread_blocked, id=1556, stack(0x000000003e2b0000,0x000000003e3b0000)]
  0x00000000234b8800 JavaThread "jar transforms Thread 835" [_thread_blocked, id=14804, stack(0x000000003e1b0000,0x000000003e2b0000)]
  0x00000000234b2800 JavaThread "jar transforms Thread 834" [_thread_blocked, id=11428, stack(0x000000003e0b0000,0x000000003e1b0000)]
  0x00000000234b9800 JavaThread "jar transforms Thread 833" [_thread_blocked, id=6012, stack(0x000000003dfb0000,0x000000003e0b0000)]
  0x00000000234b4000 JavaThread "jar transforms Thread 832" [_thread_blocked, id=1168, stack(0x000000003deb0000,0x000000003dfb0000)]
  0x00000000234b2000 JavaThread "jar transforms Thread 831" [_thread_blocked, id=15852, stack(0x000000003ddb0000,0x000000003deb0000)]
  0x00000000234b6800 JavaThread "jar transforms Thread 830" [_thread_blocked, id=21264, stack(0x000000003dcb0000,0x000000003ddb0000)]
  0x00000000234aa800 JavaThread "jar transforms Thread 829" [_thread_blocked, id=936, stack(0x000000003dbb0000,0x000000003dcb0000)]
  0x00000000234b0800 JavaThread "jar transforms Thread 828" [_thread_blocked, id=19024, stack(0x000000003dab0000,0x000000003dbb0000)]
  0x00000000234ac800 JavaThread "jar transforms Thread 827" [_thread_blocked, id=16840, stack(0x000000003d9b0000,0x000000003dab0000)]
  0x00000000234ae000 JavaThread "jar transforms Thread 826" [_thread_blocked, id=17648, stack(0x000000003d8b0000,0x000000003d9b0000)]
  0x00000000234af000 JavaThread "jar transforms Thread 825" [_thread_blocked, id=20196, stack(0x000000003d7b0000,0x000000003d8b0000)]
  0x00000000234b1000 JavaThread "jar transforms Thread 824" [_thread_blocked, id=23308, stack(0x000000003d6b0000,0x000000003d7b0000)]
  0x00000000234ad800 JavaThread "jar transforms Thread 823" [_thread_blocked, id=18528, stack(0x000000003d5b0000,0x000000003d6b0000)]
  0x00000000234ac000 JavaThread "jar transforms Thread 822" [_thread_blocked, id=4348, stack(0x000000003d4b0000,0x000000003d5b0000)]
  0x000000001c1c6000 JavaThread "jar transforms Thread 821" [_thread_blocked, id=20068, stack(0x000000003d3b0000,0x000000003d4b0000)]
  0x000000001c1c4800 JavaThread "jar transforms Thread 820" [_thread_blocked, id=23240, stack(0x000000003d2b0000,0x000000003d3b0000)]
  0x000000001c1c5000 JavaThread "jar transforms Thread 819" [_thread_blocked, id=15560, stack(0x000000003d1b0000,0x000000003d2b0000)]
  0x000000001c1c3000 JavaThread "jar transforms Thread 818" [_thread_blocked, id=17864, stack(0x000000003d0b0000,0x000000003d1b0000)]
  0x000000001c1c6800 JavaThread "jar transforms Thread 817" [_thread_blocked, id=22496, stack(0x000000003cfb0000,0x000000003d0b0000)]
  0x000000001c1c3800 JavaThread "jar transforms Thread 816" [_thread_blocked, id=21872, stack(0x000000003ceb0000,0x000000003cfb0000)]
  0x000000001c1bb000 JavaThread "jar transforms Thread 815" [_thread_blocked, id=23692, stack(0x000000003cdb0000,0x000000003ceb0000)]
  0x000000001c1c2000 JavaThread "jar transforms Thread 814" [_thread_blocked, id=23180, stack(0x000000003ccb0000,0x000000003cdb0000)]
  0x000000001c1c1800 JavaThread "jar transforms Thread 813" [_thread_blocked, id=23952, stack(0x000000003cbb0000,0x000000003ccb0000)]
  0x000000001c1b9800 JavaThread "jar transforms Thread 812" [_thread_blocked, id=21056, stack(0x000000003cab0000,0x000000003cbb0000)]
  0x000000001c1bc800 JavaThread "jar transforms Thread 811" [_thread_blocked, id=21044, stack(0x000000003c9b0000,0x000000003cab0000)]
  0x000000001c1c0800 JavaThread "jar transforms Thread 810" [_thread_blocked, id=13792, stack(0x000000003c8b0000,0x000000003c9b0000)]
  0x000000001c1bc000 JavaThread "jar transforms Thread 809" [_thread_blocked, id=21784, stack(0x000000003c7b0000,0x000000003c8b0000)]
  0x000000001c1ba800 JavaThread "jar transforms Thread 808" [_thread_blocked, id=20344, stack(0x000000003c6b0000,0x000000003c7b0000)]
  0x000000001c1b9000 JavaThread "jar transforms Thread 807" [_thread_blocked, id=6068, stack(0x000000003c5b0000,0x000000003c6b0000)]
  0x000000001c1bf000 JavaThread "jar transforms Thread 806" [_thread_blocked, id=2896, stack(0x000000003c4b0000,0x000000003c5b0000)]
  0x000000001c1c0000 JavaThread "jar transforms Thread 805" [_thread_blocked, id=24340, stack(0x000000003c3b0000,0x000000003c4b0000)]
  0x000000001c1b7800 JavaThread "jar transforms Thread 804" [_thread_blocked, id=268, stack(0x000000003c2b0000,0x000000003c3b0000)]
  0x000000001c1b8000 JavaThread "jar transforms Thread 803" [_thread_blocked, id=23824, stack(0x000000003c1b0000,0x000000003c2b0000)]
  0x000000001c1be000 JavaThread "jar transforms Thread 802" [_thread_blocked, id=18748, stack(0x000000003c0b0000,0x000000003c1b0000)]
  0x000000001ec44000 JavaThread "jar transforms Thread 801" [_thread_blocked, id=3420, stack(0x000000003b5d0000,0x000000003b6d0000)]
  0x000000001ec43800 JavaThread "jar transforms Thread 800" [_thread_blocked, id=23868, stack(0x000000003b4d0000,0x000000003b5d0000)]
  0x000000001ec46800 JavaThread "jar transforms Thread 799" [_thread_blocked, id=12372, stack(0x000000003b3d0000,0x000000003b4d0000)]
  0x000000001ec42800 JavaThread "jar transforms Thread 798" [_thread_blocked, id=15332, stack(0x000000003b2d0000,0x000000003b3d0000)]
  0x000000001ec45800 JavaThread "jar transforms Thread 797" [_thread_blocked, id=20996, stack(0x000000003b1d0000,0x000000003b2d0000)]
  0x000000001ec48800 JavaThread "jar transforms Thread 796" [_thread_blocked, id=8364, stack(0x000000003b0d0000,0x000000003b1d0000)]
  0x000000001ec47000 JavaThread "jar transforms Thread 795" [_thread_blocked, id=348, stack(0x000000003afd0000,0x000000003b0d0000)]
  0x000000001ec45000 JavaThread "jar transforms Thread 794" [_thread_blocked, id=23312, stack(0x000000003aed0000,0x000000003afd0000)]
  0x000000001ec48000 JavaThread "jar transforms Thread 793" [_thread_blocked, id=13940, stack(0x000000003add0000,0x000000003aed0000)]
  0x000000001ec3a000 JavaThread "jar transforms Thread 792" [_thread_blocked, id=12184, stack(0x0000000034bd0000,0x0000000034cd0000)]
  0x000000001ec41000 JavaThread "jar transforms Thread 791" [_thread_blocked, id=20420, stack(0x0000000033010000,0x0000000033110000)]
  0x000000001ec3d800 JavaThread "jar transforms Thread 790" [_thread_blocked, id=23844, stack(0x0000000034ad0000,0x0000000034bd0000)]
  0x000000001ec3f800 JavaThread "jar transforms Thread 789" [_thread_blocked, id=16912, stack(0x00000000349d0000,0x0000000034ad0000)]
  0x000000001ec3f000 JavaThread "jar transforms Thread 788" [_thread_blocked, id=18696, stack(0x00000000348d0000,0x00000000349d0000)]
  0x000000001ec3c800 JavaThread "jar transforms Thread 787" [_thread_blocked, id=6668, stack(0x00000000347d0000,0x00000000348d0000)]
  0x000000001ec3e000 JavaThread "jar transforms Thread 786" [_thread_blocked, id=7760, stack(0x00000000336d0000,0x00000000337d0000)]
  0x000000001ec40800 JavaThread "jar transforms Thread 785" [_thread_blocked, id=3328, stack(0x00000000335d0000,0x00000000336d0000)]
  0x000000001ec3c000 JavaThread "jar transforms Thread 784" [_thread_blocked, id=13388, stack(0x00000000334d0000,0x00000000335d0000)]
  0x000000001ec3b000 JavaThread "jar transforms Thread 783" [_thread_blocked, id=19380, stack(0x00000000333d0000,0x00000000334d0000)]
  0x000000001ec39800 JavaThread "jar transforms Thread 782" [_thread_blocked, id=2364, stack(0x00000000332d0000,0x00000000333d0000)]
  0x000000001af01000 JavaThread "jar transforms Thread 781" [_thread_blocked, id=18044, stack(0x00000000331d0000,0x00000000332d0000)]
  0x000000001af00000 JavaThread "jar transforms Thread 780" [_thread_blocked, id=16704, stack(0x0000000032d10000,0x0000000032e10000)]
  0x000000001aeff800 JavaThread "jar transforms Thread 779" [_thread_blocked, id=15056, stack(0x0000000032c10000,0x0000000032d10000)]
  0x000000001aefc800 JavaThread "jar transforms Thread 778" [_thread_blocked, id=22724, stack(0x0000000032b10000,0x0000000032c10000)]
  0x000000001aefe800 JavaThread "jar transforms Thread 777" [_thread_blocked, id=7192, stack(0x000000002f840000,0x000000002f940000)]
  0x000000001aefd000 JavaThread "jar transforms Thread 776" [_thread_blocked, id=12328, stack(0x000000002f740000,0x000000002f840000)]
  0x000000001aefe000 JavaThread "jar transforms Thread 775" [_thread_blocked, id=14544, stack(0x000000002f640000,0x000000002f740000)]
  0x000000001aef5000 JavaThread "jar transforms Thread 774" [_thread_blocked, id=2724, stack(0x000000002f300000,0x000000002f400000)]
  0x000000001aefb000 JavaThread "jar transforms Thread 773" [_thread_blocked, id=5428, stack(0x000000002f000000,0x000000002f100000)]
  0x000000001aefb800 JavaThread "jar transforms Thread 772" [_thread_blocked, id=5700, stack(0x000000002ef00000,0x000000002f000000)]
  0x000000001aef7000 JavaThread "jar transforms Thread 771" [_thread_blocked, id=23220, stack(0x000000002ee00000,0x000000002ef00000)]
  0x000000001aef4000 JavaThread "jar transforms Thread 770" [_thread_blocked, id=17032, stack(0x000000002ed00000,0x000000002ee00000)]
  0x000000001aef3800 JavaThread "jar transforms Thread 769" [_thread_blocked, id=19288, stack(0x000000002e400000,0x000000002e500000)]
  0x000000001aef8000 JavaThread "jar transforms Thread 768" [_thread_blocked, id=22076, stack(0x000000002d670000,0x000000002d770000)]
  0x000000001aefa000 JavaThread "jar transforms Thread 767" [_thread_blocked, id=340, stack(0x000000002d170000,0x000000002d270000)]
  0x000000001aef6800 JavaThread "jar transforms Thread 766" [_thread_blocked, id=6572, stack(0x000000002c780000,0x000000002c880000)]
  0x000000001aef5800 JavaThread "jar transforms Thread 765" [_thread_blocked, id=17380, stack(0x000000002c480000,0x000000002c580000)]
  0x000000001aef2800 JavaThread "jar transforms Thread 764" [_thread_blocked, id=23372, stack(0x000000002c380000,0x000000002c480000)]
  0x000000001aef9800 JavaThread "jar transforms Thread 763" [_thread_blocked, id=21736, stack(0x000000002c180000,0x000000002c280000)]
  0x000000001aef8800 JavaThread "jar transforms Thread 762" [_thread_blocked, id=18140, stack(0x000000002b880000,0x000000002b980000)]
  0x000000003381a800 JavaThread "jar transforms Thread 761" [_thread_blocked, id=21424, stack(0x000000002b340000,0x000000002b440000)]
  0x000000003381a000 JavaThread "jar transforms Thread 760" [_thread_blocked, id=7060, stack(0x000000002b040000,0x000000002b140000)]
  0x0000000033819000 JavaThread "jar transforms Thread 759" [_thread_blocked, id=16620, stack(0x0000000029e20000,0x0000000029f20000)]
  0x000000003381f000 JavaThread "jar transforms Thread 758" [_thread_blocked, id=22600, stack(0x0000000029b10000,0x0000000029c10000)]
  0x000000003381e800 JavaThread "jar transforms Thread 757" [_thread_blocked, id=24448, stack(0x0000000029a10000,0x0000000029b10000)]
  0x000000003381b800 JavaThread "jar transforms Thread 756" [_thread_blocked, id=15284, stack(0x0000000029910000,0x0000000029a10000)]
  0x0000000033817800 JavaThread "jar transforms Thread 755" [_thread_blocked, id=19656, stack(0x0000000029810000,0x0000000029910000)]
  0x0000000033817000 JavaThread "jar transforms Thread 754" [_thread_blocked, id=14796, stack(0x0000000029710000,0x0000000029810000)]
  0x000000003381d800 JavaThread "jar transforms Thread 753" [_thread_blocked, id=6372, stack(0x0000000029610000,0x0000000029710000)]
  0x0000000033818800 JavaThread "Build operations Thread 4" [_thread_blocked, id=18392, stack(0x0000000023b20000,0x0000000023c20000)]
  0x000000003381c000 JavaThread "Build operations Thread 3" [_thread_in_Java, id=13468, stack(0x0000000022350000,0x0000000022450000)]
  0x000000003381d000 JavaThread "Build operations Thread 2" [_thread_blocked, id=7772, stack(0x0000000021b50000,0x0000000021c50000)]
  0x000000003380f800 JavaThread "Build operations" [_thread_in_Java, id=7824, stack(0x0000000020a30000,0x0000000020b30000)]
  0x0000000033816000 JavaThread "Cache worker for cache directory md-rule (C:\Users\DELL\.gradle\caches\6.5\md-rule)" [_thread_blocked, id=6884, stack(0x0000000020930000,0x0000000020a30000)]
  0x0000000033815800 JavaThread "Cache worker for cache directory md-supplier (C:\Users\DELL\.gradle\caches\6.5\md-supplier)" [_thread_blocked, id=7828, stack(0x0000000020630000,0x0000000020730000)]
  0x0000000033811000 JavaThread "Cache worker for checksums cache (E:\NewsApp\.gradle\checksums)" [_thread_blocked, id=19308, stack(0x000000001dac0000,0x000000001dbc0000)]
  0x0000000033814800 JavaThread "Cache worker for file hash cache (E:\NewsApp\.gradle\6.5\fileHashes)" [_thread_blocked, id=2396, stack(0x000000001d7c0000,0x000000001d8c0000)]
  0x0000000033810000 JavaThread "Thread-1013" [_thread_blocked, id=10520, stack(0x000000001d6c0000,0x000000001d7c0000)]
  0x0000000033814000 JavaThread "Stdin handler" [_thread_blocked, id=9136, stack(0x000000001d3c0000,0x000000001d4c0000)]
  0x0000000033813000 JavaThread "Asynchronous log dispatcher for DefaultDaemonConnection: socket connection from /127.0.0.1:59269 to /127.0.0.1:61593" [_thread_blocked, id=8240, stack(0x000000001d2c0000,0x000000001d3c0000)]
  0x0000000033812800 JavaThread "Daemon worker Thread 9" [_thread_in_native, id=4368, stack(0x000000001ce80000,0x000000001cf80000)]
  0x0000000033808000 JavaThread "Cancel handler" [_thread_blocked, id=19300, stack(0x000000001cd80000,0x000000001ce80000)]
  0x000000003380e800 JavaThread "Handler for socket connection from /127.0.0.1:59269 to /127.0.0.1:61593" [_thread_in_native, id=13488, stack(0x0000000001780000,0x0000000001880000)]
  0x0000000033805800 JavaThread "Daemon Thread 9" [_thread_blocked, id=5424, stack(0x0000000001580000,0x0000000001680000)]
  0x000000001a339000 JavaThread "MarlinRenderer Disposer" daemon [_thread_blocked, id=13360, stack(0x000000002f200000,0x000000002f300000)]
  0x000000001a333000 JavaThread "Java2D Disposer" daemon [_thread_blocked, id=14144, stack(0x000000002f100000,0x000000002f200000)]
  0x0000000020611000 JavaThread "Cache worker for Java compile cache (C:\Users\DELL\.gradle\caches\6.5\javaCompile)" [_thread_blocked, id=15856, stack(0x0000000001680000,0x0000000001780000)]
  0x000000002060b000 JavaThread "Memory manager" [_thread_blocked, id=22700, stack(0x000000002ad20000,0x000000002ae20000)]
  0x0000000017fe0000 JavaThread "Cache worker for file content cache (C:\Users\DELL\.gradle\caches\6.5\fileContent)" [_thread_blocked, id=13728, stack(0x0000000022450000,0x0000000022550000)]
  0x0000000017fde800 JavaThread "Cache worker for execution history cache (C:\Users\DELL\.gradle\caches\6.5\executionHistory)" [_thread_blocked, id=368, stack(0x0000000021c50000,0x0000000021d50000)]
  0x0000000017fe1800 JavaThread "Cache worker for file hash cache (C:\Users\DELL\.gradle\caches\6.5\fileHashes)" [_thread_blocked, id=12528, stack(0x000000001f090000,0x000000001f190000)]
  0x0000000017fe1000 JavaThread "File lock request listener" [_thread_in_native, id=18976, stack(0x000000001dfc0000,0x000000001e0c0000)]
  0x000000001ab43800 JavaThread "Cache worker for journal cache (C:\Users\DELL\.gradle\caches\journal-1)" [_thread_in_vm, id=17776, stack(0x000000001ddc0000,0x000000001dec0000)]
  0x000000001bb50800 JavaThread "Daemon periodic checks" [_thread_blocked, id=17464, stack(0x000000001d1c0000,0x000000001d2c0000)]
  0x000000001bb61000 JavaThread "Incoming local TCP Connector on port 59269" [_thread_in_native, id=3552, stack(0x000000001cf80000,0x000000001d080000)]
  0x000000001ba74800 JavaThread "Daemon health stats" [_thread_blocked, id=18448, stack(0x000000001c940000,0x000000001ca40000)]
  0x000000001801e000 JavaThread "Service Thread" daemon [_thread_blocked, id=23992, stack(0x0000000019d30000,0x0000000019e30000)]
  0x0000000017fe2800 JavaThread "C1 CompilerThread2" daemon [_thread_blocked, id=19200, stack(0x0000000019830000,0x0000000019930000)]
  0x0000000017fcf800 JavaThread "C2 CompilerThread1" daemon [_thread_blocked, id=14180, stack(0x0000000019730000,0x0000000019830000)]
=>0x0000000017fcb800 JavaThread "C2 CompilerThread0" daemon [_thread_in_native, id=24508, stack(0x0000000019630000,0x0000000019730000)]
  0x0000000017fc7000 JavaThread "Attach Listener" daemon [_thread_blocked, id=17840, stack(0x0000000019530000,0x0000000019630000)]
  0x0000000017fc4000 JavaThread "Signal Dispatcher" daemon [_thread_blocked, id=24284, stack(0x0000000019430000,0x0000000019530000)]
  0x000000000339d000 JavaThread "Finalizer" daemon [_thread_blocked, id=2228, stack(0x0000000019230000,0x0000000019330000)]
  0x0000000003392000 JavaThread "Reference Handler" daemon [_thread_blocked, id=16548, stack(0x0000000019130000,0x0000000019230000)]
  0x00000000032a2800 JavaThread "main" [_thread_blocked, id=23920, stack(0x00000000031a0000,0x00000000032a0000)]

Other Threads:
  0x0000000017f86800 VMThread [stack: 0x0000000019030000,0x0000000019130000] [id=22920]
  0x0000000019972800 WatcherThread [stack: 0x0000000019e30000,0x0000000019f30000] [id=24520]

VM state:not at safepoint (normal execution)

VM Mutex/Monitor currently owned by a thread: None

heap address: 0x0000000080000000, size: 2048 MB, Compressed Oops mode: 32-bit
Narrow klass base: 0x0000000000000000, Narrow klass shift: 3
Compressed class space size: 1073741824 Address: 0x0000000100000000

Heap:
 PSYoungGen      total 610816K, used 68244K [0x00000000d5580000, 0x0000000100000000, 0x0000000100000000)
  eden space 522752K, 11% used [0x00000000d5580000,0x00000000d923db08,0x00000000f5400000)
  from space 88064K, 6% used [0x00000000f5400000,0x00000000f59e7830,0x00000000faa00000)
  to   space 86528K, 0% used [0x00000000fab80000,0x00000000fab80000,0x0000000100000000)
 ParOldGen       total 372736K, used 210822K [0x0000000080000000, 0x0000000096c00000, 0x00000000d5580000)
  object space 372736K, 56% used [0x0000000080000000,0x000000008cde18d0,0x0000000096c00000)
 Metaspace       used 122300K, capacity 130135K, committed 131608K, reserved 1163264K
  class space    used 15452K, capacity 16795K, committed 17200K, reserved 1048576K

Card table byte_map: [0x0000000012760000,0x0000000012b70000] byte_map_base: 0x0000000012360000

Marking Bits: (ParMarkBitMap*) 0x0000000050bdf030
 Begin Bits: [0x0000000013220000, 0x0000000015220000)
 End Bits:   [0x0000000015220000, 0x0000000017220000)

Polling page: 0x0000000001460000

CodeCache: size=245760Kb used=96182Kb max_used=97863Kb free=149577Kb
 bounds [0x00000000033a0000, 0x00000000094b0000, 0x00000000123a0000]
 total_blobs=25644 nmethods=24579 adapters=975
 compilation: enabled

Compilation events (10 events):
Event: 6961.688 Thread 0x0000000017fcb800 nmethod 34592 0x0000000007f1e950 code [0x0000000007f1eaa0, 0x0000000007f1ecf8]
Event: 6961.718 Thread 0x0000000017fcb800 34593       4       org.gradle.internal.resolve.result.DefaultBuildableComponentIdResolveResult::getId (9 bytes)
Event: 6961.720 Thread 0x0000000017fcb800 nmethod 34593 0x000000000888ba10 code [0x000000000888bb40, 0x000000000888bbd8]
Event: 6962.058 Thread 0x0000000017fe2800 34594       3       org.gradle.api.internal.artifacts.ivyservice.resolveengine.graph.builder.NodeState::clearIncomingEdges (20 bytes)
Event: 6962.059 Thread 0x0000000017fe2800 nmethod 34594 0x00000000047b8790 code [0x00000000047b8900, 0x00000000047b8b48]
Event: 6962.127 Thread 0x0000000017fcb800 34595       4       org.gradle.api.internal.artifacts.ivyservice.resolveengine.graph.builder.NodeState::visitOutgoingDependencies (264 bytes)
Event: 6962.144 Thread 0x0000000017fe2800 34596       3       org.gradle.api.internal.attributes.AttributeDesugaring::lambda$desugar$0 (143 bytes)
Event: 6962.147 Thread 0x0000000017fe2800 nmethod 34596 0x000000000874c510 code [0x000000000874c780, 0x000000000874d4e8]
Event: 6962.240 Thread 0x0000000017fcf800 34597       4       org.gradle.api.internal.artifacts.ivyservice.resolveengine.artifact.DefaultArtifactSet::<init> (8 bytes)
Event: 6962.242 Thread 0x0000000017fcf800 nmethod 34597 0x0000000007019d10 code [0x0000000007019e40, 0x0000000007019eb8]

GC Heap History (10 events):
Event: 6807.204 GC heap before
{Heap before GC invocations=72 (full 8):
 PSYoungGen      total 636928K, used 582021K [0x00000000d5580000, 0x0000000100000000, 0x0000000100000000)
  eden space 574976K, 100% used [0x00000000d5580000,0x00000000f8700000,0x00000000f8700000)
  from space 61952K, 11% used [0x00000000f8700000,0x00000000f8de16d0,0x00000000fc380000)
  to   space 61440K, 0% used [0x00000000fc400000,0x00000000fc400000,0x0000000100000000)
 ParOldGen       total 287232K, used 201775K [0x0000000080000000, 0x0000000091880000, 0x00000000d5580000)
  object space 287232K, 70% used [0x0000000080000000,0x000000008c50bef0,0x0000000091880000)
 Metaspace       used 121859K, capacity 129477K, committed 131608K, reserved 1163264K
  class space    used 15399K, capacity 16738K, committed 17200K, reserved 1048576K
Event: 6807.418 GC heap after
Heap after GC invocations=72 (full 8):
 PSYoungGen      total 635392K, used 7868K [0x00000000d5580000, 0x00000000ffe80000, 0x0000000100000000)
  eden space 575488K, 0% used [0x00000000d5580000,0x00000000d5580000,0x00000000f8780000)
  from space 59904K, 13% used [0x00000000fc400000,0x00000000fcbaf088,0x00000000ffe80000)
  to   space 60928K, 0% used [0x00000000f8780000,0x00000000f8780000,0x00000000fc300000)
 ParOldGen       total 287232K, used 206521K [0x0000000080000000, 0x0000000091880000, 0x00000000d5580000)
  object space 287232K, 71% used [0x0000000080000000,0x000000008c9ae6e0,0x0000000091880000)
 Metaspace       used 121859K, capacity 129477K, committed 131608K, reserved 1163264K
  class space    used 15399K, capacity 16738K, committed 17200K, reserved 1048576K
}
Event: 6811.613 GC heap before
{Heap before GC invocations=73 (full 8):
 PSYoungGen      total 635392K, used 583356K [0x00000000d5580000, 0x00000000ffe80000, 0x0000000100000000)
  eden space 575488K, 100% used [0x00000000d5580000,0x00000000f8780000,0x00000000f8780000)
  from space 59904K, 13% used [0x00000000fc400000,0x00000000fcbaf088,0x00000000ffe80000)
  to   space 60928K, 0% used [0x00000000f8780000,0x00000000f8780000,0x00000000fc300000)
 ParOldGen       total 287232K, used 206521K [0x0000000080000000, 0x0000000091880000, 0x00000000d5580000)
  object space 287232K, 71% used [0x0000000080000000,0x000000008c9ae6e0,0x0000000091880000)
 Metaspace       used 121863K, capacity 129477K, committed 131608K, reserved 1163264K
  class space    used 15399K, capacity 16738K, committed 17200K, reserved 1048576K
Event: 6811.684 GC heap after
Heap after GC invocations=73 (full 8):
 PSYoungGen      total 636416K, used 8224K [0x00000000d5580000, 0x00000000ffe00000, 0x0000000100000000)
  eden space 575488K, 0% used [0x00000000d5580000,0x00000000d5580000,0x00000000f8780000)
  from space 60928K, 13% used [0x00000000f8780000,0x00000000f8f88010,0x00000000fc300000)
  to   space 59392K, 0% used [0x00000000fc400000,0x00000000fc400000,0x00000000ffe00000)
 ParOldGen       total 287232K, used 213283K [0x0000000080000000, 0x0000000091880000, 0x00000000d5580000)
  object space 287232K, 74% used [0x0000000080000000,0x000000008d048d48,0x0000000091880000)
 Metaspace       used 121863K, capacity 129477K, committed 131608K, reserved 1163264K
  class space    used 15399K, capacity 16738K, committed 17200K, reserved 1048576K
}
Event: 6817.947 GC heap before
{Heap before GC invocations=74 (full 8):
 PSYoungGen      total 636416K, used 582133K [0x00000000d5580000, 0x00000000ffe00000, 0x0000000100000000)
  eden space 575488K, 99% used [0x00000000d5580000,0x00000000f85f55d0,0x00000000f8780000)
  from space 60928K, 13% used [0x00000000f8780000,0x00000000f8f88010,0x00000000fc300000)
  to   space 59392K, 0% used [0x00000000fc400000,0x00000000fc400000,0x00000000ffe00000)
 ParOldGen       total 287232K, used 213283K [0x0000000080000000, 0x0000000091880000, 0x00000000d5580000)
  object space 287232K, 74% used [0x0000000080000000,0x000000008d048d48,0x0000000091880000)
 Metaspace       used 121899K, capacity 129563K, committed 131608K, reserved 1163264K
  class space    used 15402K, capacity 16741K, committed 17200K, reserved 1048576K
Event: 6818.381 GC heap after
Heap after GC invocations=74 (full 8):
 PSYoungGen      total 582144K, used 59391K [0x00000000d5580000, 0x0000000100000000, 0x0000000100000000)
  eden space 522752K, 0% used [0x00000000d5580000,0x00000000d5580000,0x00000000f5400000)
  from space 59392K, 99% used [0x00000000fc400000,0x00000000ffdfffd0,0x00000000ffe00000)
  to   space 88064K, 0% used [0x00000000f5400000,0x00000000f5400000,0x00000000faa00000)
 ParOldGen       total 287232K, used 262734K [0x0000000080000000, 0x0000000091880000, 0x00000000d5580000)
  object space 287232K, 91% used [0x0000000080000000,0x0000000090093868,0x0000000091880000)
 Metaspace       used 121899K, capacity 129563K, committed 131608K, reserved 1163264K
  class space    used 15402K, capacity 16741K, committed 17200K, reserved 1048576K
}
Event: 6818.381 GC heap before
{Heap before GC invocations=75 (full 9):
 PSYoungGen      total 582144K, used 59391K [0x00000000d5580000, 0x0000000100000000, 0x0000000100000000)
  eden space 522752K, 0% used [0x00000000d5580000,0x00000000d5580000,0x00000000f5400000)
  from space 59392K, 99% used [0x00000000fc400000,0x00000000ffdfffd0,0x00000000ffe00000)
  to   space 88064K, 0% used [0x00000000f5400000,0x00000000f5400000,0x00000000faa00000)
 ParOldGen       total 287232K, used 262734K [0x0000000080000000, 0x0000000091880000, 0x00000000d5580000)
  object space 287232K, 91% used [0x0000000080000000,0x0000000090093868,0x0000000091880000)
 Metaspace       used 121899K, capacity 129563K, committed 131608K, reserved 1163264K
  class space    used 15402K, capacity 16741K, committed 17200K, reserved 1048576K
Event: 6821.571 GC heap after
Heap after GC invocations=75 (full 9):
 PSYoungGen      total 582144K, used 0K [0x00000000d5580000, 0x0000000100000000, 0x0000000100000000)
  eden space 522752K, 0% used [0x00000000d5580000,0x00000000d5580000,0x00000000f5400000)
  from space 59392K, 0% used [0x00000000fc400000,0x00000000fc400000,0x00000000ffe00000)
  to   space 88064K, 0% used [0x00000000f5400000,0x00000000f5400000,0x00000000faa00000)
 ParOldGen       total 372736K, used 210814K [0x0000000080000000, 0x0000000096c00000, 0x00000000d5580000)
  object space 372736K, 56% used [0x0000000080000000,0x000000008cddf8d0,0x0000000096c00000)
 Metaspace       used 121899K, capacity 129563K, committed 131608K, reserved 1163264K
  class space    used 15402K, capacity 16741K, committed 17200K, reserved 1048576K
}
Event: 6954.430 GC heap before
{Heap before GC invocations=76 (full 9):
 PSYoungGen      total 582144K, used 522752K [0x00000000d5580000, 0x0000000100000000, 0x0000000100000000)
  eden space 522752K, 100% used [0x00000000d5580000,0x00000000f5400000,0x00000000f5400000)
  from space 59392K, 0% used [0x00000000fc400000,0x00000000fc400000,0x00000000ffe00000)
  to   space 88064K, 0% used [0x00000000f5400000,0x00000000f5400000,0x00000000faa00000)
 ParOldGen       total 372736K, used 210814K [0x0000000080000000, 0x0000000096c00000, 0x00000000d5580000)
  object space 372736K, 56% used [0x0000000080000000,0x000000008cddf8d0,0x0000000096c00000)
 Metaspace       used 122222K, capacity 129835K, committed 131608K, reserved 1163264K
  class space    used 15442K, capacity 16777K, committed 17200K, reserved 1048576K
Event: 6955.521 GC heap after
Heap after GC invocations=76 (full 9):
 PSYoungGen      total 610816K, used 6046K [0x00000000d5580000, 0x0000000100000000, 0x0000000100000000)
  eden space 522752K, 0% used [0x00000000d5580000,0x00000000d5580000,0x00000000f5400000)
  from space 88064K, 6% used [0x00000000f5400000,0x00000000f59e7830,0x00000000faa00000)
  to   space 86528K, 0% used [0x00000000fab80000,0x00000000fab80000,0x0000000100000000)
 ParOldGen       total 372736K, used 210822K [0x0000000080000000, 0x0000000096c00000, 0x00000000d5580000)
  object space 372736K, 56% used [0x0000000080000000,0x000000008cde18d0,0x0000000096c00000)
 Metaspace       used 122222K, capacity 129835K, committed 131608K, reserved 1163264K
  class space    used 15442K, capacity 16777K, committed 17200K, reserved 1048576K
}

Deoptimization events (10 events):
Event: 6827.963 Thread 0x0000000020576000 Uncommon trap: reason=unstable_if action=reinterpret pc=0x000000000592aefc method=org.gradle.internal.operations.DefaultBuildOperationExecutor$3.stop()V @ 61
Event: 6827.964 Thread 0x000000002056f800 Uncommon trap: reason=bimorphic action=maybe_recompile pc=0x00000000080fe860 method=org.gradle.internal.serialize.AbstractCollectionSerializer.write(Lorg/gradle/internal/serialize/Encoder;Ljava/util/Collection;)V @ 2
Event: 6827.965 Thread 0x000000002056f800 Uncommon trap: reason=bimorphic action=maybe_recompile pc=0x00000000080fe860 method=org.gradle.internal.serialize.AbstractCollectionSerializer.write(Lorg/gradle/internal/serialize/Encoder;Ljava/util/Collection;)V @ 2
Event: 6827.976 Thread 0x0000000020576000 Uncommon trap: reason=unstable_if action=reinterpret pc=0x00000000057ae430 method=org.gradle.internal.serialize.ExceptionReplacingObjectOutputStream.doReplaceObject(Ljava/lang/Object;)Ljava/lang/Object; @ 4
Event: 6827.993 Thread 0x0000000020576000 Uncommon trap: reason=class_check action=maybe_recompile pc=0x0000000003516794 method=java.lang.String.equals(Ljava/lang/Object;)Z @ 8
Event: 6827.993 Thread 0x0000000020576000 Uncommon trap: reason=class_check action=maybe_recompile pc=0x0000000003516794 method=java.lang.String.equals(Ljava/lang/Object;)Z @ 8
Event: 6827.993 Thread 0x0000000020576000 Uncommon trap: reason=class_check action=maybe_recompile pc=0x0000000003516794 method=java.lang.String.equals(Ljava/lang/Object;)Z @ 8
Event: 6827.993 Thread 0x0000000020576000 Uncommon trap: reason=class_check action=maybe_recompile pc=0x0000000003516794 method=java.lang.String.equals(Ljava/lang/Object;)Z @ 8
Event: 6955.673 Thread 0x0000000033812800 Uncommon trap: reason=class_check action=maybe_recompile pc=0x000000000831b064 method=java.util.stream.SortedOps$RefSortingSink.end()V @ 23
Event: 6957.606 Thread 0x0000000033812800 Uncommon trap: reason=class_check action=maybe_recompile pc=0x000000000831b064 method=java.util.stream.SortedOps$RefSortingSink.end()V @ 23

Classes redefined (0 events):
No events

Internal exceptions (10 events):
Event: 6812.935 Thread 0x0000000020608000 Exception <a 'java/lang/NoSuchMethodError': <clinit>> (0x00000000e5d963a8) thrown at [C:\src\AOSP-openjdk-git\hotspot\src\share\vm\prims\jni.cpp, line 1615]
Event: 6813.738 Thread 0x0000000033805800 Exception <a 'sun/nio/fs/WindowsException'> (0x00000000e697c1f0) thrown at [C:\src\AOSP-openjdk-git\hotspot\src\share\vm\prims\jni.cpp, line 710]
Event: 6815.919 Thread 0x0000000033805800 Implicit null exception at 0x00000000069189e8 to 0x0000000006918f61
Event: 6822.008 Thread 0x0000000033808000 Exception <a 'sun/nio/fs/WindowsException'> (0x00000000d75d7de0) thrown at [C:\src\AOSP-openjdk-git\hotspot\src\share\vm\prims\jni.cpp, line 710]
Event: 6824.015 Thread 0x0000000033811000 Exception <a 'sun/nio/fs/WindowsException'> (0x00000000e14b62f0) thrown at [C:\src\AOSP-openjdk-git\hotspot\src\share\vm\prims\jni.cpp, line 710]
Event: 6824.259 Thread 0x0000000020615000 Exception <a 'sun/nio/fs/WindowsException'> (0x00000000e1780260) thrown at [C:\src\AOSP-openjdk-git\hotspot\src\share\vm\prims\jni.cpp, line 710]
Event: 6827.631 Thread 0x000000002057d800 Exception <a 'java/lang/NoSuchMethodError': <clinit>> (0x00000000f2314230) thrown at [C:\src\AOSP-openjdk-git\hotspot\src\share\vm\prims\jni.cpp, line 1615]
Event: 6827.638 Thread 0x000000002057d800 Exception <a 'java/lang/NoSuchMethodError': <clinit>> (0x00000000f2325210) thrown at [C:\src\AOSP-openjdk-git\hotspot\src\share\vm\prims\jni.cpp, line 1615]
Event: 6827.639 Thread 0x0000000020576000 Implicit null exception at 0x000000000555667d to 0x000000000555d919
Event: 6958.425 Thread 0x0000000033812800 Exception <a 'sun/nio/fs/WindowsException'> (0x00000000d8423528) thrown at [C:\src\AOSP-openjdk-git\hotspot\src\share\vm\prims\jni.cpp, line 710]

Events (10 events):
Event: 6960.487 Executing VM operation: RevokeBias
Event: 6960.490 Executing VM operation: RevokeBias done
Event: 6960.584 Thread 0x0000000017fe2800 flushing nmethod 0x0000000003ab3290
Event: 6961.743 Thread 0x0000000017fcf800 flushing nmethod 0x0000000004449f90
Event: 6961.869 Thread 0x0000000017fcf800 flushing nmethod 0x0000000004702b10
Event: 6961.883 Thread 0x0000000017fcf800 flushing nmethod 0x00000000047b8790
Event: 6962.061 Thread 0x0000000017fe2800 flushing nmethod 0x00000000047bcc10
Event: 6962.160 Thread 0x0000000017fe2800 flushing nmethod 0x0000000004c7c750
Event: 6962.180 loading class org/gradle/api/internal/artifacts/ivyservice/resolveengine/artifact/DefaultArtifactSet$1
Event: 6962.180 loading class org/gradle/api/internal/artifacts/ivyservice/resolveengine/artifact/DefaultArtifactSet$1 done


Dynamic libraries:
0x00007ff6715e0000 - 0x00007ff671611000 	E:\Programs\New folder\jre\bin\java.exe
0x00007ffaafd80000 - 0x00007ffaaff70000 	C:\WINDOWS\SYSTEM32\ntdll.dll
0x00007ffaae030000 - 0x00007ffaae0e2000 	C:\WINDOWS\System32\KERNEL32.DLL
0x00007ffaacff0000 - 0x00007ffaad295000 	C:\WINDOWS\System32\KERNELBASE.dll
0x00007ffaae100000 - 0x00007ffaae1a3000 	C:\WINDOWS\System32\ADVAPI32.dll
0x00007ffaaf3a0000 - 0x00007ffaaf43e000 	C:\WINDOWS\System32\msvcrt.dll
0x00007ffaafca0000 - 0x00007ffaafd37000 	C:\WINDOWS\System32\sechost.dll
0x00007ffaadf10000 - 0x00007ffaae030000 	C:\WINDOWS\System32\RPCRT4.dll
0x00007ffaaf200000 - 0x00007ffaaf394000 	C:\WINDOWS\System32\USER32.dll
0x00007ffaaddb0000 - 0x00007ffaaddd1000 	C:\WINDOWS\System32\win32u.dll
0x00007ffaafbd0000 - 0x00007ffaafbf6000 	C:\WINDOWS\System32\GDI32.dll
0x00007ffaaccf0000 - 0x00007ffaace86000 	C:\WINDOWS\System32\gdi32full.dll
0x00007ffaad330000 - 0x00007ffaad3ce000 	C:\WINDOWS\System32\msvcp_win.dll
0x00007ffaadcb0000 - 0x00007ffaaddaa000 	C:\WINDOWS\System32\ucrtbase.dll
0x00007ffaac070000 - 0x00007ffaac2f4000 	C:\WINDOWS\WinSxS\amd64_microsoft.windows.common-controls_6595b64144ccf1df_6.0.18362.1256_none_9e7e379be45e40e2\COMCTL32.dll
0x00007ffaaf890000 - 0x00007ffaafbc6000 	C:\WINDOWS\System32\combase.dll
0x00007ffaad2a0000 - 0x00007ffaad321000 	C:\WINDOWS\System32\bcryptPrimitives.dll
0x00007ffaae980000 - 0x00007ffaae9ae000 	C:\WINDOWS\System32\IMM32.DLL
0x0000000050330000 - 0x0000000050402000 	E:\Programs\New folder\jre\jre\bin\msvcr100.dll
0x0000000050410000 - 0x0000000050c5b000 	E:\Programs\New folder\jre\jre\bin\server\jvm.dll
0x00007ffaae970000 - 0x00007ffaae978000 	C:\WINDOWS\System32\PSAPI.DLL
0x00007ffaa2420000 - 0x00007ffaa2429000 	C:\WINDOWS\SYSTEM32\WSOCK32.dll
0x00007ffaa9e20000 - 0x00007ffaa9e44000 	C:\WINDOWS\SYSTEM32\WINMM.dll
0x00007ffaaf4b0000 - 0x00007ffaaf51f000 	C:\WINDOWS\System32\WS2_32.dll
0x00007ffaa9a80000 - 0x00007ffaa9aad000 	C:\WINDOWS\SYSTEM32\WINMMBASE.dll
0x00007ffaa20a0000 - 0x00007ffaa20aa000 	C:\WINDOWS\SYSTEM32\VERSION.dll
0x00007ffaacfa0000 - 0x00007ffaacfea000 	C:\WINDOWS\System32\cfgmgr32.dll
0x00007ffaa12f0000 - 0x00007ffaa12ff000 	E:\Programs\New folder\jre\jre\bin\verify.dll
0x00007ffa864d0000 - 0x00007ffa864f9000 	E:\Programs\New folder\jre\jre\bin\java.dll
0x00007ffa95540000 - 0x00007ffa95556000 	E:\Programs\New folder\jre\jre\bin\zip.dll
0x00007ffaae9b0000 - 0x00007ffaaf097000 	C:\WINDOWS\System32\SHELL32.dll
0x00007ffaaf7e0000 - 0x00007ffaaf889000 	C:\WINDOWS\System32\shcore.dll
0x00007ffaad520000 - 0x00007ffaadca1000 	C:\WINDOWS\System32\windows.storage.dll
0x00007ffaaccc0000 - 0x00007ffaacce3000 	C:\WINDOWS\System32\profapi.dll
0x00007ffaacc50000 - 0x00007ffaacc9a000 	C:\WINDOWS\System32\powrprof.dll
0x00007ffaacc20000 - 0x00007ffaacc30000 	C:\WINDOWS\System32\UMPDC.dll
0x00007ffaae910000 - 0x00007ffaae962000 	C:\WINDOWS\System32\shlwapi.dll
0x00007ffaacca0000 - 0x00007ffaaccb1000 	C:\WINDOWS\System32\kernel.appcore.dll
0x00007ffaade10000 - 0x00007ffaade27000 	C:\WINDOWS\System32\cryptsp.dll
0x00007ffa8ad60000 - 0x00007ffa8ad7a000 	E:\Programs\New folder\jre\jre\bin\net.dll
0x00007ffaabda0000 - 0x00007ffaabe07000 	C:\WINDOWS\system32\mswsock.dll
0x00007ffa8abf0000 - 0x00007ffa8ac03000 	E:\Programs\New folder\jre\jre\bin\nio.dll
0x00007ffaab2c0000 - 0x00007ffaab2e7000 	C:\Users\DELL\.gradle\native\f6784746aeab05261644944871eae4fe03e0ef1612fff0a4a95f87b438bc6780\windows-amd64\native-platform.dll
0x00007ffaa1290000 - 0x00007ffaa129d000 	E:\Programs\New folder\jre\jre\bin\management.dll
0x00007ffaab920000 - 0x00007ffaab953000 	C:\WINDOWS\system32\rsaenh.dll
0x00007ffaadde0000 - 0x00007ffaade06000 	C:\WINDOWS\System32\bcrypt.dll
0x00007ffaacb00000 - 0x00007ffaacb25000 	C:\WINDOWS\SYSTEM32\USERENV.dll
0x00007ffaabf40000 - 0x00007ffaabf4c000 	C:\WINDOWS\SYSTEM32\CRYPTBASE.dll
0x00007ffaabac0000 - 0x00007ffaabafa000 	C:\WINDOWS\SYSTEM32\IPHLPAPI.DLL
0x00007ffaaf440000 - 0x00007ffaaf448000 	C:\WINDOWS\System32\NSI.dll
0x00007ffaa17e0000 - 0x00007ffaa17f6000 	C:\WINDOWS\SYSTEM32\dhcpcsvc6.DLL
0x00007ffaa1940000 - 0x00007ffaa195c000 	C:\WINDOWS\SYSTEM32\dhcpcsvc.DLL
0x00007ffaabb00000 - 0x00007ffaabbcb000 	C:\WINDOWS\SYSTEM32\DNSAPI.dll
0x00007ffaa20b0000 - 0x00007ffaa20bb000 	C:\WINDOWS\SYSTEM32\WINNSI.DLL
0x00007ffaa52e0000 - 0x00007ffaa5304000 	E:\Programs\New folder\jre\jre\bin\sunec.dll
0x00007ffaa0f20000 - 0x00007ffaa0f36000 	C:\WINDOWS\system32\napinsp.dll
0x00007ffa9c7a0000 - 0x00007ffa9c7ba000 	C:\WINDOWS\system32\pnrpnsp.dll
0x00007ffaa40f0000 - 0x00007ffaa40fe000 	C:\WINDOWS\System32\winrnr.dll
0x00007ffaa8700000 - 0x00007ffaa871c000 	C:\WINDOWS\system32\NLAapi.dll
0x00007ffaa71f0000 - 0x00007ffaa7205000 	C:\WINDOWS\system32\wshbth.dll
0x00007ffaa1590000 - 0x00007ffaa1607000 	C:\WINDOWS\System32\fwpuclnt.dll
0x00007ffa9b510000 - 0x00007ffa9b51a000 	C:\Windows\System32\rasadhlp.dll
0x00007ffaaa030000 - 0x00007ffaaa03b000 	E:\Programs\New folder\jre\jre\bin\sunmscapi.dll
0x00007ffaad3d0000 - 0x00007ffaad519000 	C:\WINDOWS\System32\CRYPT32.dll
0x00007ffaacc30000 - 0x00007ffaacc42000 	C:\WINDOWS\System32\MSASN1.dll
0x00007ffaac9d0000 - 0x00007ffaaca01000 	C:\WINDOWS\SYSTEM32\ntmarta.dll
0x00007ffa847f0000 - 0x00007ffa8498c000 	E:\Programs\New folder\jre\jre\bin\awt.dll
0x00007ffaaf710000 - 0x00007ffaaf7d5000 	C:\WINDOWS\System32\OLEAUT32.dll
0x00007ffaaa650000 - 0x00007ffaaa67d000 	C:\WINDOWS\SYSTEM32\dwmapi.dll
0x00007ffaa8b30000 - 0x00007ffaa90f0000 	C:\WINDOWS\SYSTEM32\d2d1.dll
0x00007ffaaa080000 - 0x00007ffaaa10f000 	C:\WINDOWS\SYSTEM32\apphelp.dll
0x00007ffaaa220000 - 0x00007ffaaa2b9000 	C:\WINDOWS\system32\uxtheme.dll

VM Arguments:
jvm_args: -Xmx2048m -Dfile.encoding=UTF-8 -Duser.country=VN -Duser.language=vi -Duser.variant -Djava.net.preferIPv4Stack=true 
java_command: org.gradle.launcher.daemon.bootstrap.GradleDaemon 6.5
java_class_path (initial): C:\Users\DELL\.gradle\wrapper\dists\gradle-6.5-all\2oz4ud9k3tuxjg84bbf55q0tn\gradle-6.5\lib\gradle-launcher-6.5.jar
Launcher Type: SUN_STANDARD

Environment Variables:
JAVA_HOME=C:\Program Files\Java\jdk-12.0.2
_JAVA_OPTIONS=-Djava.net.preferIPv4Stack=true
PATH=C:\Program Files (x86)\Common Files\Intel\Shared Libraries\redist\intel64\compiler;C:\Windows\system32;C:\Windows;C:\Windows\System32\Wbem;C:\Windows\System32\WindowsPowerShell\v1.0\;C:\Program Files (x86)\NVIDIA Corporation\PhysX\Common;C:\Program Files\NVIDIA Corporation\NVIDIA NvDLISR;C:\WINDOWS\system32;C:\WINDOWS;C:\WINDOWS\System32\Wbem;C:\WINDOWS\System32\WindowsPowerShell\v1.0\;C:\WINDOWS\System32\OpenSSH\;C:\Program Files\Microsoft SQL Server\Client SDK\ODBC\170\Tools\Binn\;C:\Program Files (x86)\Microsoft SQL Server\150\Tools\Binn\;C:\Program Files\Microsoft SQL Server\150\Tools\Binn\;C:\Program Files\Microsoft SQL Server\150\DTS\Binn\;C:\Program Files (x86)\QuickTime\QTSystem\;C:\Program Files\Java\jdk-12.0.2\bin;C:\xampp\php;C:\ProgramData\ComposerSetup\bin;C:\Users\DELL\AppData\Local\Microsoft\WindowsApps;C:\Users\DELL\AppData\Roaming\Composer\vendor\bin;
USERNAME=DELL
OS=Windows_NT
PROCESSOR_IDENTIFIER=Intel64 Family 6 Model 69 Stepping 1, GenuineIntel



---------------  S Y S T E M  ---------------

OS: Windows 10.0 , 64 bit Build 18362 (10.0.18362.1110)

CPU:total 4 (initial active 4) (2 cores per cpu, 2 threads per core) family 6 model 69 stepping 1, cmov, cx8, fxsr, mmx, sse, sse2, sse3, ssse3, sse4.1, sse4.2, popcnt, avx, avx2, aes, clmul, erms, lzcnt, ht, tsc, tscinvbit, bmi1, bmi2

Memory: 4k page, physical 4097100k(262464k free), swap 8193100k(0k free)

vm_info: OpenJDK 64-Bit Server VM (25.242-b01) for windows-amd64 JRE (1.8.0_242-release-1644-b01), built by "builder" with MS VC++ 10.0 (VS2010)

time: Tue May 18 22:23:36 2021
timezone: SE Asia Standard Time
elapsed time: 6962 seconds (0d 1h 56m 2s)

